{"total": {"lines":{"total":271,"covered":227,"skipped":0,"pct":83.76},"statements":{"total":282,"covered":237,"skipped":0,"pct":84.04},"functions":{"total":92,"covered":70,"skipped":0,"pct":76.08},"branches":{"total":89,"covered":56,"skipped":0,"pct":62.92},"branchesTrue":{"total":0,"covered":0,"skipped":0,"pct":100}}
,"/home/ruthless/Coding/tutorials/web/fastapi-react/movies/frontend/movies_frontend/src/test-utils.tsx": {"lines":{"total":6,"covered":6,"skipped":0,"pct":100},"functions":{"total":1,"covered":1,"skipped":0,"pct":100},"statements":{"total":6,"covered":6,"skipped":0,"pct":100},"branches":{"total":0,"covered":0,"skipped":0,"pct":100}}
,"/home/ruthless/Coding/tutorials/web/fastapi-react/movies/frontend/movies_frontend/src/components/ActorSelector.tsx": {"lines":{"total":43,"covered":39,"skipped":0,"pct":90.69},"functions":{"total":12,"covered":10,"skipped":0,"pct":83.33},"statements":{"total":43,"covered":39,"skipped":0,"pct":90.69},"branches":{"total":25,"covered":20,"skipped":0,"pct":80}}
,"/home/ruthless/Coding/tutorials/web/fastapi-react/movies/frontend/movies_frontend/src/components/ActorSelectorList.tsx": {"lines":{"total":3,"covered":3,"skipped":0,"pct":100},"functions":{"total":1,"covered":1,"skipped":0,"pct":100},"statements":{"total":3,"covered":3,"skipped":0,"pct":100},"branches":{"total":0,"covered":0,"skipped":0,"pct":100}}
,"/home/ruthless/Coding/tutorials/web/fastapi-react/movies/frontend/movies_frontend/src/components/CategorySelector.tsx": {"lines":{"total":32,"covered":32,"skipped":0,"pct":100},"functions":{"total":7,"covered":7,"skipped":0,"pct":100},"statements":{"total":33,"covered":33,"skipped":0,"pct":100},"branches":{"total":14,"covered":13,"skipped":0,"pct":92.85}}
,"/home/ruthless/Coding/tutorials/web/fastapi-react/movies/frontend/movies_frontend/src/components/Loading.tsx": {"lines":{"total":2,"covered":2,"skipped":0,"pct":100},"functions":{"total":1,"covered":1,"skipped":0,"pct":100},"statements":{"total":3,"covered":3,"skipped":0,"pct":100},"branches":{"total":0,"covered":0,"skipped":0,"pct":100}}
,"/home/ruthless/Coding/tutorials/web/fastapi-react/movies/frontend/movies_frontend/src/components/MovieDataForm.tsx": {"lines":{"total":33,"covered":20,"skipped":0,"pct":60.6},"functions":{"total":7,"covered":4,"skipped":0,"pct":57.14},"statements":{"total":35,"covered":21,"skipped":0,"pct":60},"branches":{"total":11,"covered":6,"skipped":0,"pct":54.54}}
,"/home/ruthless/Coding/tutorials/web/fastapi-react/movies/frontend/movies_frontend/src/components/MovieDataFormRow.tsx": {"lines":{"total":3,"covered":3,"skipped":0,"pct":100},"functions":{"total":1,"covered":1,"skipped":0,"pct":100},"statements":{"total":3,"covered":3,"skipped":0,"pct":100},"branches":{"total":0,"covered":0,"skipped":0,"pct":100}}
,"/home/ruthless/Coding/tutorials/web/fastapi-react/movies/frontend/movies_frontend/src/components/MovieList.tsx": {"lines":{"total":27,"covered":27,"skipped":0,"pct":100},"functions":{"total":6,"covered":6,"skipped":0,"pct":100},"statements":{"total":28,"covered":28,"skipped":0,"pct":100},"branches":{"total":15,"covered":11,"skipped":0,"pct":73.33}}
,"/home/ruthless/Coding/tutorials/web/fastapi-react/movies/frontend/movies_frontend/src/components/MovieSection.tsx": {"lines":{"total":3,"covered":3,"skipped":0,"pct":100},"functions":{"total":1,"covered":1,"skipped":0,"pct":100},"statements":{"total":3,"covered":3,"skipped":0,"pct":100},"branches":{"total":0,"covered":0,"skipped":0,"pct":100}}
,"/home/ruthless/Coding/tutorials/web/fastapi-react/movies/frontend/movies_frontend/src/components/Wrapper.tsx": {"lines":{"total":5,"covered":5,"skipped":0,"pct":100},"functions":{"total":1,"covered":1,"skipped":0,"pct":100},"statements":{"total":5,"covered":5,"skipped":0,"pct":100},"branches":{"total":0,"covered":0,"skipped":0,"pct":100}}
,"/home/ruthless/Coding/tutorials/web/fastapi-react/movies/frontend/movies_frontend/src/components/__test__/MockFormikContext.tsx": {"lines":{"total":5,"covered":5,"skipped":0,"pct":100},"functions":{"total":1,"covered":1,"skipped":0,"pct":100},"statements":{"total":5,"covered":5,"skipped":0,"pct":100},"branches":{"total":0,"covered":0,"skipped":0,"pct":100}}
,"/home/ruthless/Coding/tutorials/web/fastapi-react/movies/frontend/movies_frontend/src/mocks/defaults.ts": {"lines":{"total":11,"covered":11,"skipped":0,"pct":100},"functions":{"total":4,"covered":4,"skipped":0,"pct":100},"statements":{"total":11,"covered":11,"skipped":0,"pct":100},"branches":{"total":8,"covered":4,"skipped":0,"pct":50}}
,"/home/ruthless/Coding/tutorials/web/fastapi-react/movies/frontend/movies_frontend/src/mocks/handlers.ts": {"lines":{"total":18,"covered":17,"skipped":0,"pct":94.44},"functions":{"total":12,"covered":12,"skipped":0,"pct":100},"statements":{"total":20,"covered":19,"skipped":0,"pct":95},"branches":{"total":2,"covered":1,"skipped":0,"pct":50}}
,"/home/ruthless/Coding/tutorials/web/fastapi-react/movies/frontend/movies_frontend/src/mocks/server.ts": {"lines":{"total":3,"covered":3,"skipped":0,"pct":100},"functions":{"total":0,"covered":0,"skipped":0,"pct":100},"statements":{"total":3,"covered":3,"skipped":0,"pct":100},"branches":{"total":0,"covered":0,"skipped":0,"pct":100}}
,"/home/ruthless/Coding/tutorials/web/fastapi-react/movies/frontend/movies_frontend/src/pages/MainPage.tsx": {"lines":{"total":24,"covered":15,"skipped":0,"pct":62.5},"functions":{"total":4,"covered":3,"skipped":0,"pct":75},"statements":{"total":25,"covered":16,"skipped":0,"pct":64},"branches":{"total":12,"covered":0,"skipped":0,"pct":0}}
,"/home/ruthless/Coding/tutorials/web/fastapi-react/movies/frontend/movies_frontend/src/state/MovieManagerApi.ts": {"lines":{"total":33,"covered":17,"skipped":0,"pct":51.51},"functions":{"total":26,"covered":11,"skipped":0,"pct":42.3},"statements":{"total":33,"covered":17,"skipped":0,"pct":51.51},"branches":{"total":2,"covered":1,"skipped":0,"pct":50}}
,"/home/ruthless/Coding/tutorials/web/fastapi-react/movies/frontend/movies_frontend/src/state/SelectBoxSlice.ts": {"lines":{"total":9,"covered":8,"skipped":0,"pct":88.88},"functions":{"total":4,"covered":3,"skipped":0,"pct":75},"statements":{"total":9,"covered":8,"skipped":0,"pct":88.88},"branches":{"total":0,"covered":0,"skipped":0,"pct":100}}
,"/home/ruthless/Coding/tutorials/web/fastapi-react/movies/frontend/movies_frontend/src/state/formik.ts": {"lines":{"total":1,"covered":1,"skipped":0,"pct":100},"functions":{"total":0,"covered":0,"skipped":0,"pct":100},"statements":{"total":1,"covered":1,"skipped":0,"pct":100},"branches":{"total":0,"covered":0,"skipped":0,"pct":100}}
,"/home/ruthless/Coding/tutorials/web/fastapi-react/movies/frontend/movies_frontend/src/state/hooks.ts": {"lines":{"total":3,"covered":3,"skipped":0,"pct":100},"functions":{"total":1,"covered":1,"skipped":0,"pct":100},"statements":{"total":5,"covered":5,"skipped":0,"pct":100},"branches":{"total":0,"covered":0,"skipped":0,"pct":100}}
,"/home/ruthless/Coding/tutorials/web/fastapi-react/movies/frontend/movies_frontend/src/state/store.ts": {"lines":{"total":7,"covered":7,"skipped":0,"pct":100},"functions":{"total":2,"covered":2,"skipped":0,"pct":100},"statements":{"total":8,"covered":8,"skipped":0,"pct":100},"branches":{"total":0,"covered":0,"skipped":0,"pct":100}}
}
