TN:
SF:src/test-utils.tsx
FN:5,(anonymous_5)
FNF:1
FNH:1
FNDA:18,(anonymous_5)
DA:1,5
DA:3,5
DA:5,5
DA:8,18
DA:11,5
DA:12,5
LF:6
LH:6
BRF:0
BRH:0
end_of_record
TN:
SF:src/components/ActorSelector.tsx
FN:17,(anonymous_1)
FN:23,(anonymous_2)
FN:28,(anonymous_3)
FN:33,(anonymous_4)
FN:71,(anonymous_5)
FN:72,(anonymous_6)
FN:73,(anonymous_7)
FN:79,(anonymous_8)
FN:96,(anonymous_9)
FN:97,(anonymous_10)
FN:102,(anonymous_11)
FN:108,(anonymous_12)
FNF:12
FNH:10
FNDA:99,(anonymous_1)
FNDA:165,(anonymous_2)
FNDA:4,(anonymous_3)
FNDA:16,(anonymous_4)
FNDA:2,(anonymous_5)
FNDA:2,(anonymous_6)
FNDA:0,(anonymous_7)
FNDA:375,(anonymous_8)
FNDA:2,(anonymous_9)
FNDA:2,(anonymous_10)
FNDA:0,(anonymous_11)
FNDA:46,(anonymous_12)
DA:1,2
DA:2,2
DA:3,2
DA:4,2
DA:10,2
DA:13,2
DA:14,2
DA:15,2
DA:17,2
DA:18,99
DA:19,99
DA:20,99
DA:21,99
DA:22,99
DA:23,165
DA:25,99
DA:26,99
DA:28,99
DA:29,4
DA:30,4
DA:31,4
DA:32,4
DA:33,16
DA:35,4
DA:36,4
DA:40,2
DA:46,2
DA:47,2
DA:50,2
DA:51,2
DA:57,99
DA:71,2
DA:72,2
DA:74,0
DA:75,0
DA:80,375
DA:96,2
DA:98,2
DA:99,2
DA:103,0
DA:104,0
DA:109,46
DA:127,2
LF:43
LH:39
BRDA:26,0,0,64
BRDA:26,0,1,35
BRDA:29,1,0,4
BRDA:30,2,0,2
BRDA:30,2,1,2
BRDA:31,3,0,2
BRDA:31,3,1,2
BRDA:41,4,0,1
BRDA:41,4,1,1
BRDA:42,5,0,1
BRDA:42,5,1,1
BRDA:47,6,0,2
BRDA:51,7,0,2
BRDA:51,7,1,0
BRDA:60,8,0,24
BRDA:60,8,1,75
BRDA:74,9,0,0
BRDA:90,10,0,43
BRDA:90,10,1,56
BRDA:90,11,0,99
BRDA:90,11,1,46
BRDA:98,12,0,2
BRDA:103,13,0,0
BRDA:103,14,0,0
BRDA:103,14,1,0
BRF:25
BRH:20
end_of_record
TN:
SF:src/components/ActorSelectorList.tsx
FN:4,(anonymous_0)
FNF:1
FNH:1
FNDA:174,(anonymous_0)
DA:4,2
DA:5,174
DA:16,2
LF:3
LH:3
BRF:0
BRH:0
end_of_record
TN:
SF:src/components/CategorySelector.tsx
FN:15,(anonymous_1)
FN:17,(anonymous_2)
FN:23,(anonymous_3)
FN:29,(anonymous_4)
FN:45,(anonymous_5)
FN:65,(anonymous_6)
FN:72,(anonymous_7)
FNF:7
FNH:7
FNDA:89,(anonymous_1)
FNDA:153,(anonymous_2)
FNDA:4,(anonymous_3)
FNDA:8,(anonymous_4)
FNDA:2,(anonymous_5)
FNDA:335,(anonymous_6)
FNDA:4,(anonymous_7)
DA:1,2
DA:2,2
DA:3,2
DA:9,2
DA:10,2
DA:13,2
DA:15,2
DA:16,89
DA:17,153
DA:18,89
DA:19,89
DA:20,89
DA:21,89
DA:23,89
DA:24,4
DA:25,4
DA:28,4
DA:29,8
DA:31,4
DA:32,4
DA:36,2
DA:42,2
DA:43,2
DA:45,2
DA:47,2
DA:50,2
DA:51,2
DA:57,89
DA:66,335
DA:73,4
DA:74,4
DA:89,2
LF:32
LH:32
BRDA:21,0,0,56
BRDA:21,0,1,33
BRDA:24,1,0,4
BRDA:25,2,0,2
BRDA:25,2,1,2
BRDA:37,3,0,1
BRDA:37,3,1,1
BRDA:38,4,0,1
BRDA:38,4,1,1
BRDA:47,5,0,2
BRDA:51,6,0,2
BRDA:51,6,1,0
BRDA:60,7,0,22
BRDA:60,7,1,67
BRF:14
BRH:13
end_of_record
TN:
SF:src/components/Loading.tsx
FN:1,(anonymous_0)
FNF:1
FNH:1
FNDA:114,(anonymous_0)
DA:1,114
DA:3,5
LF:2
LH:2
BRF:0
BRH:0
end_of_record
TN:
SF:src/components/MovieDataForm.tsx
FN:17,(anonymous_1)
FN:20,(anonymous_2)
FN:26,(anonymous_3)
FN:28,(anonymous_4)
FN:73,(anonymous_5)
FN:92,(anonymous_6)
FN:119,(anonymous_7)
FNF:7
FNH:4
FNDA:74,(anonymous_1)
FNDA:141,(anonymous_2)
FNDA:0,(anonymous_3)
FNDA:0,(anonymous_4)
FNDA:250,(anonymous_5)
FNDA:250,(anonymous_6)
FNDA:0,(anonymous_7)
DA:1,2
DA:2,2
DA:3,2
DA:4,2
DA:11,2
DA:14,2
DA:15,2
DA:17,2
DA:18,74
DA:19,74
DA:20,141
DA:21,74
DA:22,74
DA:23,74
DA:24,74
DA:26,74
DA:27,0
DA:28,0
DA:29,0
DA:30,0
DA:31,0
DA:32,0
DA:33,0
DA:34,0
DA:36,0
DA:37,0
DA:40,0
DA:41,0
DA:48,74
DA:74,250
DA:93,250
DA:120,0
DA:139,2
LF:33
LH:20
BRDA:27,0,0,0
BRDA:29,1,0,0
BRDA:37,2,0,0
BRDA:41,3,0,0
BRDA:41,3,1,0
BRDA:64,4,0,24
BRDA:64,4,1,50
BRDA:83,5,0,24
BRDA:83,5,1,50
BRDA:126,6,0,74
BRDA:126,6,1,16
BRF:11
BRH:6
end_of_record
TN:
SF:src/components/MovieDataFormRow.tsx
FN:4,(anonymous_0)
FNF:1
FNH:1
FNDA:296,(anonymous_0)
DA:4,2
DA:9,296
DA:17,2
LF:3
LH:3
BRF:0
BRH:0
end_of_record
TN:
SF:src/components/MovieList.tsx
FN:11,(anonymous_1)
FN:14,(anonymous_2)
FN:19,(anonymous_3)
FN:36,(anonymous_4)
FN:52,(anonymous_5)
FN:58,(anonymous_6)
FNF:6
FNH:6
FNDA:86,(anonymous_1)
FNDA:138,(anonymous_2)
FNDA:23,(anonymous_3)
FNDA:13,(anonymous_4)
FNDA:9,(anonymous_5)
FNDA:330,(anonymous_6)
DA:1,2
DA:2,2
DA:4,2
DA:5,2
DA:6,2
DA:7,2
DA:8,2
DA:9,2
DA:11,2
DA:13,86
DA:14,138
DA:15,86
DA:16,86
DA:17,86
DA:19,86
DA:20,23
DA:21,13
DA:22,13
DA:26,13
DA:30,13
DA:34,13
DA:36,13
DA:41,86
DA:53,9
DA:54,9
DA:59,330
DA:69,2
LF:27
LH:27
BRDA:17,0,0,56
BRDA:17,0,1,30
BRDA:20,1,0,13
BRDA:21,2,0,13
BRDA:21,2,1,0
BRDA:24,3,0,13
BRDA:24,3,1,0
BRDA:28,4,0,13
BRDA:28,4,1,0
BRDA:32,5,0,13
BRDA:32,5,1,0
BRDA:43,6,0,20
BRDA:43,6,1,66
BRDA:51,7,0,66
BRDA:51,7,1,56
BRF:15
BRH:11
end_of_record
TN:
SF:src/components/MovieSection.tsx
FN:4,(anonymous_0)
FNF:1
FNH:1
FNDA:348,(anonymous_0)
DA:4,5
DA:5,348
DA:15,5
LF:3
LH:3
BRF:0
BRH:0
end_of_record
TN:
SF:src/components/Wrapper.tsx
FN:6,(anonymous_0)
FNF:1
FNH:1
FNDA:18,(anonymous_0)
DA:2,5
DA:3,5
DA:6,5
DA:7,18
DA:10,5
LF:5
LH:5
BRF:0
BRH:0
end_of_record
TN:
SF:src/components/__test__/MockFormikContext.tsx
FN:9,(anonymous_0)
FNF:1
FNH:1
FNDA:9,(anonymous_0)
DA:1,4
DA:3,4
DA:9,4
DA:10,9
DA:15,4
LF:5
LH:5
BRF:0
BRH:0
end_of_record
TN:
SF:src/mocks/defaults.ts
FN:56,(anonymous_0)
FN:57,(anonymous_1)
FN:58,(anonymous_2)
FN:60,(anonymous_3)
FNF:4
FNH:4
FNDA:25,(anonymous_0)
FNDA:25,(anonymous_1)
FNDA:10,(anonymous_2)
FNDA:25,(anonymous_3)
DA:10,5
DA:18,5
DA:26,5
DA:34,5
DA:42,5
DA:50,5
DA:52,5
DA:56,25
DA:57,25
DA:58,10
DA:60,25
LF:11
LH:11
BRDA:53,0,0,5
BRDA:53,0,1,0
BRDA:54,1,0,5
BRDA:54,1,1,0
BRDA:58,2,0,5
BRDA:58,2,1,0
BRDA:60,3,0,5
BRDA:60,3,1,0
BRF:8
BRH:4
end_of_record
TN:
SF:src/mocks/handlers.ts
FN:26,(anonymous_0)
FN:29,(anonymous_1)
FN:32,(anonymous_2)
FN:35,(anonymous_3)
FN:38,(anonymous_4)
FN:41,(anonymous_5)
FN:44,(anonymous_6)
FN:47,(anonymous_7)
FN:50,(anonymous_8)
FN:53,(anonymous_9)
FN:59,(anonymous_10)
FN:65,(anonymous_11)
FNF:12
FNH:12
FNDA:58,(anonymous_0)
FNDA:11,(anonymous_1)
FNDA:12,(anonymous_2)
FNDA:12,(anonymous_3)
FNDA:12,(anonymous_4)
FNDA:17,(anonymous_5)
FNDA:13,(anonymous_6)
FNDA:1,(anonymous_7)
FNDA:1,(anonymous_8)
FNDA:1,(anonymous_9)
FNDA:1,(anonymous_10)
FNDA:1,(anonymous_11)
DA:1,5
DA:2,5
DA:20,5
DA:21,0
DA:23,5
DA:26,58
DA:28,5
DA:30,11
DA:33,12
DA:36,12
DA:39,12
DA:42,17
DA:45,13
DA:48,1
DA:50,1
DA:54,1
DA:60,1
DA:66,1
LF:18
LH:17
BRDA:20,0,0,0
BRDA:20,0,1,5
BRF:2
BRH:1
end_of_record
TN:
SF:src/mocks/server.ts
FNF:0
FNH:0
DA:1,5
DA:2,5
DA:4,5
LF:3
LH:3
BRF:0
BRH:0
end_of_record
TN:
SF:src/pages/MainPage.tsx
FN:21,(anonymous_1)
FN:22,(anonymous_2)
FN:25,(anonymous_3)
FN:58,(anonymous_4)
FNF:4
FNH:3
FNDA:18,(anonymous_1)
FNDA:81,(anonymous_2)
FNDA:0,(anonymous_3)
FNDA:47,(anonymous_4)
DA:1,1
DA:2,1
DA:3,1
DA:4,1
DA:6,1
DA:9,1
DA:10,1
DA:13,1
DA:21,1
DA:22,81
DA:23,18
DA:25,18
DA:29,0
DA:30,0
DA:40,0
DA:41,0
DA:43,0
DA:45,0
DA:46,0
DA:49,0
DA:50,0
DA:56,18
DA:59,47
DA:82,1
LF:24
LH:15
BRDA:29,0,0,0
BRDA:32,1,0,0
BRDA:32,1,1,0
BRDA:33,2,0,0
BRDA:33,2,1,0
BRDA:34,3,0,0
BRDA:34,3,1,0
BRDA:37,4,0,0
BRDA:37,4,1,0
BRDA:46,5,0,0
BRDA:50,6,0,0
BRDA:50,6,1,0
BRF:12
BRH:0
end_of_record
TN:
SF:src/state/MovieManagerApi.ts
FN:30,(anonymous_0)
FN:32,(anonymous_1)
FN:40,(anonymous_2)
FN:44,(anonymous_3)
FN:52,(anonymous_4)
FN:56,(anonymous_5)
FN:60,(anonymous_6)
FN:68,(anonymous_7)
FN:72,(anonymous_8)
FN:80,(anonymous_9)
FN:84,(anonymous_10)
FN:91,(anonymous_11)
FN:99,(anonymous_12)
FN:110,(anonymous_13)
FN:117,(anonymous_14)
FN:121,(anonymous_15)
FN:129,(anonymous_16)
FN:133,(anonymous_17)
FN:137,(anonymous_18)
FN:141,(anonymous_19)
FN:149,(anonymous_20)
FN:153,(anonymous_21)
FN:161,(anonymous_22)
FN:169,(anonymous_23)
FN:173,(anonymous_24)
FN:181,(anonymous_25)
FNF:26
FNH:11
FNDA:5,(anonymous_0)
FNDA:0,(anonymous_1)
FNDA:0,(anonymous_2)
FNDA:0,(anonymous_3)
FNDA:12,(anonymous_4)
FNDA:11,(anonymous_5)
FNDA:0,(anonymous_6)
FNDA:0,(anonymous_7)
FNDA:0,(anonymous_8)
FNDA:17,(anonymous_9)
FNDA:2,(anonymous_10)
FNDA:2,(anonymous_11)
FNDA:2,(anonymous_12)
FNDA:2,(anonymous_13)
FNDA:0,(anonymous_14)
FNDA:0,(anonymous_15)
FNDA:17,(anonymous_16)
FNDA:0,(anonymous_17)
FNDA:12,(anonymous_18)
FNDA:0,(anonymous_19)
FNDA:0,(anonymous_20)
FNDA:0,(anonymous_21)
FNDA:0,(anonymous_22)
FNDA:0,(anonymous_23)
FNDA:0,(anonymous_24)
FNDA:12,(anonymous_25)
DA:1,5
DA:18,5
DA:19,0
DA:21,5
DA:24,5
DA:30,5
DA:32,0
DA:40,0
DA:44,0
DA:52,12
DA:56,11
DA:60,0
DA:68,0
DA:72,0
DA:80,17
DA:84,2
DA:91,2
DA:99,2
DA:110,2
DA:117,0
DA:121,0
DA:129,17
DA:133,0
DA:137,12
DA:141,0
DA:149,0
DA:153,0
DA:161,0
DA:169,0
DA:173,0
DA:181,12
DA:188,5
DA:214,5
LF:33
LH:17
BRDA:18,0,0,0
BRDA:18,0,1,5
BRF:2
BRH:1
end_of_record
TN:
SF:src/state/SelectBoxSlice.ts
FN:14,(anonymous_0)
FN:15,(anonymous_1)
FN:18,(anonymous_2)
FN:21,(anonymous_3)
FNF:4
FNH:3
FNDA:0,(anonymous_0)
FNDA:2,(anonymous_1)
FNDA:2,(anonymous_2)
FNDA:9,(anonymous_3)
DA:1,5
DA:4,5
DA:10,5
DA:14,0
DA:16,2
DA:19,2
DA:22,9
DA:27,5
DA:29,5
LF:9
LH:8
BRF:0
BRH:0
end_of_record
TN:
SF:src/state/formik.ts
FNF:0
FNH:0
DA:3,4
LF:1
LH:1
BRF:0
BRH:0
end_of_record
TN:
SF:src/state/hooks.ts
FN:4,(anonymous_0)
FNF:1
FNH:1
FNDA:259,(anonymous_0)
DA:1,5
DA:4,259
DA:5,5
LF:3
LH:3
BRF:0
BRH:0
end_of_record
TN:
SF:src/state/store.ts
FN:5,(anonymous_1)
FN:11,(anonymous_2)
FNF:2
FNH:2
FNDA:23,(anonymous_1)
FNDA:23,(anonymous_2)
DA:1,5
DA:2,5
DA:3,5
DA:5,5
DA:6,23
DA:12,23
DA:15,5
LF:7
LH:7
BRF:0
BRH:0
end_of_record
