TN:
SF:src/test-utils.tsx
FN:5,(anonymous_5)
FNF:1
FNH:1
FNDA:20,(anonymous_5)
DA:1,5
DA:3,5
DA:5,5
DA:8,20
DA:11,5
DA:12,5
LF:6
LH:6
BRF:0
BRH:0
end_of_record
TN:
SF:src/components/ActorSelector.tsx
FN:17,(anonymous_1)
FN:23,(anonymous_2)
FN:28,(anonymous_3)
FN:33,(anonymous_4)
FN:72,(anonymous_5)
FN:73,(anonymous_6)
FN:74,(anonymous_7)
FN:80,(anonymous_8)
FN:99,(anonymous_9)
FN:100,(anonymous_10)
FN:105,(anonymous_11)
FN:111,(anonymous_12)
FNF:12
FNH:10
FNDA:147,(anonymous_1)
FNDA:172,(anonymous_2)
FNDA:4,(anonymous_3)
FNDA:16,(anonymous_4)
FNDA:2,(anonymous_5)
FNDA:2,(anonymous_6)
FNDA:0,(anonymous_7)
FNDA:715,(anonymous_8)
FNDA:2,(anonymous_9)
FNDA:2,(anonymous_10)
FNDA:0,(anonymous_11)
FNDA:142,(anonymous_12)
DA:1,2
DA:2,2
DA:3,2
DA:4,2
DA:10,2
DA:13,2
DA:14,2
DA:15,2
DA:17,2
DA:18,147
DA:19,147
DA:20,147
DA:21,147
DA:22,147
DA:23,172
DA:25,147
DA:26,147
DA:28,147
DA:29,4
DA:30,4
DA:31,4
DA:32,4
DA:33,16
DA:35,4
DA:36,4
DA:40,2
DA:46,2
DA:47,2
DA:50,2
DA:51,2
DA:57,147
DA:72,2
DA:73,2
DA:75,0
DA:76,0
DA:81,715
DA:99,2
DA:101,2
DA:102,2
DA:106,0
DA:107,0
DA:112,142
DA:133,2
LF:43
LH:39
BRDA:26,0,0,137
BRDA:26,0,1,10
BRDA:29,1,0,4
BRDA:30,2,0,2
BRDA:30,2,1,2
BRDA:31,3,0,2
BRDA:31,3,1,2
BRDA:41,4,0,1
BRDA:41,4,1,1
BRDA:42,5,0,1
BRDA:42,5,1,1
BRDA:47,6,0,2
BRDA:51,7,0,2
BRDA:51,7,1,0
BRDA:61,8,0,4
BRDA:61,8,1,143
BRDA:71,9,0,143
BRDA:71,9,1,14
BRDA:75,10,0,0
BRDA:93,11,0,127
BRDA:93,11,1,20
BRDA:93,12,0,147
BRDA:93,12,1,137
BRDA:93,12,2,135
BRDA:98,13,0,127
BRDA:98,13,1,22
BRDA:101,14,0,2
BRDA:106,15,0,0
BRDA:106,16,0,0
BRDA:106,16,1,0
BRF:30
BRH:25
end_of_record
TN:
SF:src/components/ActorSelectorList.tsx
FN:4,(anonymous_0)
FNF:1
FNH:1
FNDA:290,(anonymous_0)
DA:4,2
DA:9,290
DA:20,2
LF:3
LH:3
BRF:0
BRH:0
end_of_record
TN:
SF:src/components/CategorySelector.tsx
FN:15,(anonymous_1)
FN:17,(anonymous_2)
FN:23,(anonymous_3)
FN:29,(anonymous_4)
FN:45,(anonymous_5)
FN:65,(anonymous_6)
FN:72,(anonymous_7)
FNF:7
FNH:7
FNDA:139,(anonymous_1)
FNDA:163,(anonymous_2)
FNDA:4,(anonymous_3)
FNDA:8,(anonymous_4)
FNDA:1,(anonymous_5)
FNDA:675,(anonymous_6)
FNDA:4,(anonymous_7)
DA:1,2
DA:2,2
DA:3,2
DA:9,2
DA:10,2
DA:13,2
DA:15,2
DA:16,139
DA:17,163
DA:18,139
DA:19,139
DA:20,139
DA:21,139
DA:23,139
DA:24,4
DA:25,4
DA:28,4
DA:29,8
DA:31,4
DA:32,4
DA:36,2
DA:42,2
DA:43,2
DA:45,1
DA:47,2
DA:50,2
DA:51,2
DA:57,139
DA:66,675
DA:73,4
DA:74,4
DA:89,2
LF:32
LH:32
BRDA:21,0,0,130
BRDA:21,0,1,9
BRDA:24,1,0,4
BRDA:25,2,0,2
BRDA:25,2,1,2
BRDA:37,3,0,1
BRDA:37,3,1,1
BRDA:38,4,0,1
BRDA:38,4,1,1
BRDA:47,5,0,2
BRDA:51,6,0,2
BRDA:51,6,1,0
BRDA:60,7,0,4
BRDA:60,7,1,135
BRF:14
BRH:13
end_of_record
TN:
SF:src/components/Loading.tsx
FN:1,(anonymous_0)
FNF:1
FNH:1
FNDA:20,(anonymous_0)
DA:1,20
DA:3,5
LF:2
LH:2
BRF:0
BRH:0
end_of_record
TN:
SF:src/components/MovieDataForm.tsx
FN:17,(anonymous_1)
FN:20,(anonymous_2)
FN:26,(anonymous_3)
FN:28,(anonymous_4)
FN:73,(anonymous_5)
FN:92,(anonymous_6)
FN:119,(anonymous_7)
FNF:7
FNH:7
FNDA:139,(anonymous_1)
FNDA:164,(anonymous_2)
FNDA:1,(anonymous_3)
FNDA:1,(anonymous_4)
FNDA:675,(anonymous_5)
FNDA:675,(anonymous_6)
FNDA:1,(anonymous_7)
DA:1,2
DA:2,2
DA:3,2
DA:4,2
DA:11,2
DA:14,2
DA:15,2
DA:17,2
DA:18,139
DA:19,139
DA:20,164
DA:21,139
DA:22,139
DA:23,139
DA:24,139
DA:26,139
DA:27,1
DA:28,1
DA:29,1
DA:30,1
DA:31,1
DA:32,1
DA:33,1
DA:34,1
DA:36,0
DA:37,0
DA:40,0
DA:41,0
DA:48,139
DA:74,675
DA:93,675
DA:120,1
DA:139,2
LF:33
LH:29
BRDA:27,0,0,1
BRDA:29,1,0,1
BRDA:37,2,0,0
BRDA:41,3,0,0
BRDA:41,3,1,0
BRDA:64,4,0,4
BRDA:64,4,1,135
BRDA:83,5,0,4
BRDA:83,5,1,135
BRDA:126,6,0,139
BRDA:126,6,1,25
BRF:11
BRH:8
end_of_record
TN:
SF:src/components/MovieDataFormRow.tsx
FN:4,(anonymous_0)
FNF:1
FNH:1
FNDA:556,(anonymous_0)
DA:4,2
DA:9,556
DA:17,2
LF:3
LH:3
BRF:0
BRH:0
end_of_record
TN:
SF:src/components/MovieList.tsx
FN:11,(anonymous_1)
FN:14,(anonymous_2)
FN:19,(anonymous_3)
FN:36,(anonymous_4)
FN:52,(anonymous_5)
FN:58,(anonymous_6)
FNF:6
FNH:6
FNDA:138,(anonymous_1)
FNDA:160,(anonymous_2)
FNDA:21,(anonymous_3)
FNDA:19,(anonymous_4)
FNDA:9,(anonymous_5)
FNDA:637,(anonymous_6)
DA:1,2
DA:2,2
DA:4,2
DA:5,2
DA:6,2
DA:7,2
DA:8,2
DA:9,2
DA:11,2
DA:13,138
DA:14,160
DA:15,138
DA:16,138
DA:17,138
DA:19,138
DA:20,21
DA:21,19
DA:22,19
DA:26,19
DA:30,19
DA:34,19
DA:36,19
DA:41,138
DA:53,9
DA:54,9
DA:59,637
DA:69,2
LF:27
LH:27
BRDA:17,0,0,130
BRDA:17,0,1,8
BRDA:20,1,0,19
BRDA:21,2,0,19
BRDA:21,2,1,0
BRDA:24,3,0,19
BRDA:24,3,1,0
BRDA:28,4,0,19
BRDA:28,4,1,0
BRDA:32,5,0,19
BRDA:32,5,1,0
BRDA:43,6,0,4
BRDA:43,6,1,134
BRDA:51,7,0,134
BRDA:51,7,1,4
BRF:15
BRH:11
end_of_record
TN:
SF:src/components/MovieSection.tsx
FN:4,(anonymous_0)
FNF:1
FNH:1
FNDA:563,(anonymous_0)
DA:4,5
DA:5,563
DA:15,5
LF:3
LH:3
BRF:0
BRH:0
end_of_record
TN:
SF:src/components/Wrapper.tsx
FN:6,(anonymous_0)
FNF:1
FNH:1
FNDA:20,(anonymous_0)
DA:2,5
DA:3,5
DA:6,5
DA:7,20
DA:10,5
LF:5
LH:5
BRF:0
BRH:0
end_of_record
TN:
SF:src/components/__test__/MockFormikContext.tsx
FN:9,(anonymous_0)
FNF:1
FNH:1
FNDA:9,(anonymous_0)
DA:1,4
DA:3,4
DA:9,4
DA:10,9
DA:15,4
LF:5
LH:5
BRF:0
BRH:0
end_of_record
TN:
SF:src/mocks/defaults.ts
FN:56,(anonymous_0)
FN:57,(anonymous_1)
FN:58,(anonymous_2)
FN:60,(anonymous_3)
FN:71,(anonymous_4)
FN:72,(anonymous_5)
FN:73,(anonymous_6)
FN:75,(anonymous_7)
FNF:8
FNH:8
FNDA:25,(anonymous_0)
FNDA:25,(anonymous_1)
FNDA:10,(anonymous_2)
FNDA:25,(anonymous_3)
FNDA:25,(anonymous_4)
FNDA:25,(anonymous_5)
FNDA:5,(anonymous_6)
FNDA:15,(anonymous_7)
DA:10,5
DA:18,5
DA:26,5
DA:34,5
DA:42,5
DA:50,5
DA:52,5
DA:56,25
DA:57,25
DA:58,10
DA:60,25
DA:63,5
DA:65,5
DA:71,25
DA:72,25
DA:73,5
DA:75,15
LF:17
LH:17
BRDA:53,0,0,5
BRDA:53,0,1,0
BRDA:54,1,0,5
BRDA:54,1,1,0
BRDA:58,2,0,5
BRDA:58,2,1,0
BRDA:60,3,0,5
BRDA:60,3,1,0
BRDA:66,4,0,5
BRDA:66,4,1,5
BRDA:68,5,0,5
BRDA:68,5,1,5
BRDA:73,6,0,5
BRDA:73,6,1,0
BRDA:75,7,0,5
BRDA:75,7,1,0
BRF:16
BRH:10
end_of_record
TN:
SF:src/mocks/handlers.ts
FN:27,(anonymous_0)
FN:30,(anonymous_1)
FN:33,(anonymous_2)
FN:36,(anonymous_3)
FN:39,(anonymous_4)
FN:42,(anonymous_5)
FN:45,(anonymous_6)
FN:48,(anonymous_7)
FN:51,(anonymous_8)
FN:54,(anonymous_9)
FN:60,(anonymous_10)
FN:66,(anonymous_11)
FNF:12
FNH:12
FNDA:63,(anonymous_0)
FNDA:2,(anonymous_1)
FNDA:2,(anonymous_2)
FNDA:2,(anonymous_3)
FNDA:2,(anonymous_4)
FNDA:7,(anonymous_5)
FNDA:5,(anonymous_6)
FNDA:1,(anonymous_7)
FNDA:1,(anonymous_8)
FNDA:1,(anonymous_9)
FNDA:1,(anonymous_10)
FNDA:1,(anonymous_11)
DA:1,5
DA:2,5
DA:21,5
DA:22,0
DA:24,5
DA:27,63
DA:29,5
DA:31,2
DA:34,2
DA:37,2
DA:40,2
DA:43,7
DA:46,5
DA:49,1
DA:51,1
DA:55,1
DA:61,1
DA:67,1
LF:18
LH:17
BRDA:21,0,0,0
BRDA:21,0,1,5
BRF:2
BRH:1
end_of_record
TN:
SF:src/mocks/server.ts
FNF:0
FNH:0
DA:1,5
DA:2,5
DA:4,5
LF:3
LH:3
BRF:0
BRH:0
end_of_record
TN:
SF:src/pages/MainPage.tsx
FN:21,(anonymous_1)
FN:22,(anonymous_2)
FN:25,(anonymous_3)
FN:58,(anonymous_4)
FNF:4
FNH:4
FNDA:14,(anonymous_1)
FNDA:44,(anonymous_2)
FNDA:1,(anonymous_3)
FNDA:131,(anonymous_4)
DA:1,1
DA:2,1
DA:3,1
DA:4,1
DA:6,1
DA:9,1
DA:10,1
DA:13,1
DA:21,1
DA:22,44
DA:23,14
DA:25,14
DA:29,1
DA:30,1
DA:40,1
DA:41,1
DA:43,1
DA:45,0
DA:46,0
DA:49,0
DA:50,0
DA:56,14
DA:59,131
DA:82,1
LF:24
LH:20
BRDA:29,0,0,1
BRDA:32,1,0,1
BRDA:32,1,1,0
BRDA:33,2,0,1
BRDA:33,2,1,0
BRDA:34,3,0,1
BRDA:34,3,1,0
BRDA:37,4,0,1
BRDA:37,4,1,0
BRDA:46,5,0,0
BRDA:50,6,0,0
BRDA:50,6,1,0
BRF:12
BRH:5
end_of_record
TN:
SF:src/state/MovieManagerApi.ts
FN:30,(anonymous_0)
FN:32,(anonymous_1)
FN:40,(anonymous_2)
FN:44,(anonymous_3)
FN:52,(anonymous_4)
FN:56,(anonymous_5)
FN:60,(anonymous_6)
FN:68,(anonymous_7)
FN:72,(anonymous_8)
FN:80,(anonymous_9)
FN:84,(anonymous_10)
FN:91,(anonymous_11)
FN:99,(anonymous_12)
FN:110,(anonymous_13)
FN:117,(anonymous_14)
FN:121,(anonymous_15)
FN:129,(anonymous_16)
FN:133,(anonymous_17)
FN:137,(anonymous_18)
FN:141,(anonymous_19)
FN:149,(anonymous_20)
FN:153,(anonymous_21)
FN:161,(anonymous_22)
FN:169,(anonymous_23)
FN:173,(anonymous_24)
FN:181,(anonymous_25)
FNF:26
FNH:13
FNDA:5,(anonymous_0)
FNDA:0,(anonymous_1)
FNDA:0,(anonymous_2)
FNDA:0,(anonymous_3)
FNDA:2,(anonymous_4)
FNDA:2,(anonymous_5)
FNDA:0,(anonymous_6)
FNDA:0,(anonymous_7)
FNDA:0,(anonymous_8)
FNDA:10,(anonymous_9)
FNDA:2,(anonymous_10)
FNDA:2,(anonymous_11)
FNDA:2,(anonymous_12)
FNDA:2,(anonymous_13)
FNDA:1,(anonymous_14)
FNDA:1,(anonymous_15)
FNDA:9,(anonymous_16)
FNDA:0,(anonymous_17)
FNDA:2,(anonymous_18)
FNDA:0,(anonymous_19)
FNDA:0,(anonymous_20)
FNDA:0,(anonymous_21)
FNDA:0,(anonymous_22)
FNDA:0,(anonymous_23)
FNDA:0,(anonymous_24)
FNDA:2,(anonymous_25)
DA:1,5
DA:18,5
DA:19,0
DA:21,5
DA:24,5
DA:30,5
DA:32,0
DA:40,0
DA:44,0
DA:52,2
DA:56,2
DA:60,0
DA:68,0
DA:72,0
DA:80,10
DA:84,2
DA:91,2
DA:99,2
DA:110,2
DA:117,1
DA:121,1
DA:129,9
DA:133,0
DA:137,2
DA:141,0
DA:149,0
DA:153,0
DA:161,0
DA:169,0
DA:173,0
DA:181,2
DA:188,5
LF:32
LH:18
BRDA:18,0,0,0
BRDA:18,0,1,5
BRF:2
BRH:1
end_of_record
TN:
SF:src/state/SelectBoxSlice.ts
FN:14,(anonymous_0)
FN:15,(anonymous_1)
FN:18,(anonymous_2)
FN:21,(anonymous_3)
FNF:4
FNH:4
FNDA:1,(anonymous_0)
FNDA:2,(anonymous_1)
FNDA:2,(anonymous_2)
FNDA:9,(anonymous_3)
DA:1,5
DA:4,5
DA:10,5
DA:14,1
DA:16,2
DA:19,2
DA:22,9
DA:27,5
DA:29,5
LF:9
LH:9
BRF:0
BRH:0
end_of_record
TN:
SF:src/state/formik.ts
FNF:0
FNH:0
DA:3,4
LF:1
LH:1
BRF:0
BRH:0
end_of_record
TN:
SF:src/state/hooks.ts
FN:4,(anonymous_0)
FNF:1
FNH:1
FNDA:424,(anonymous_0)
DA:1,5
DA:4,424
DA:5,5
LF:3
LH:3
BRF:0
BRH:0
end_of_record
TN:
SF:src/state/store.ts
FN:5,(anonymous_1)
FN:11,(anonymous_2)
FNF:2
FNH:2
FNDA:5,(anonymous_1)
FNDA:5,(anonymous_2)
DA:1,5
DA:2,5
DA:3,5
DA:5,5
DA:6,5
DA:12,5
DA:15,5
LF:7
LH:7
BRF:0
BRH:0
end_of_record
